2025-06-12 10:04:04 INFO  [main] o.a.coyote.http11.Http11NioProtocol - Initializing ProtocolHandler ["http-nio-8080"]
2025-06-12 10:04:04 INFO  [main] o.a.catalina.core.StandardService - Starting service [Tomcat]
2025-06-12 10:04:04 INFO  [main] o.a.catalina.core.StandardEngine - Starting Servlet engine: [Apache Tomcat/10.1.41]
2025-06-12 10:04:04 INFO  [main] o.a.c.c.C.[Tomcat].[localhost].[/] - Initializing Spring embedded WebApplicationContext
2025-06-12 10:04:04 INFO  [main] o.s.b.w.s.c.ServletWebServerApplicationContext - Root WebApplicationContext: initialization completed in 790 ms
2025-06-12 10:04:04 INFO  [main] o.h.jpa.internal.util.LogHelper - HHH000204: Processing PersistenceUnitInfo [name: default]
2025-06-12 10:04:04 INFO  [main] org.hibernate.Version - HHH000412: Hibernate ORM core version 6.6.15.Final
2025-06-12 10:04:04 INFO  [main] o.h.c.i.RegionFactoryInitiator - HHH000026: Second-level cache disabled
2025-06-12 10:04:04 INFO  [main] o.s.o.j.p.SpringPersistenceUnitInfo - No LoadTimeWeaver setup: ignoring JPA class transformer
2025-06-12 10:04:04 INFO  [main] com.zaxxer.hikari.HikariDataSource - HikariPool-1 - Starting...
2025-06-12 10:04:04 INFO  [main] com.zaxxer.hikari.pool.HikariPool - HikariPool-1 - Added connection org.postgresql.jdbc.PgConnection@217c6a1e
2025-06-12 10:04:04 INFO  [main] com.zaxxer.hikari.HikariDataSource - HikariPool-1 - Start completed.
2025-06-12 10:04:04 INFO  [main] o.hibernate.orm.connections.pooling - HHH10001005: Database info:
	Database JDBC URL [Connecting through datasource 'HikariDataSource (HikariPool-1)']
	Database driver: undefined/unknown
	Database version: 16.2
	Autocommit mode: undefined/unknown
	Isolation level: undefined/unknown
	Minimum pool size: undefined/unknown
	Maximum pool size: undefined/unknown
2025-06-12 10:04:04 INFO  [main] o.h.e.t.j.p.i.JtaPlatformInitiator - HHH000489: No JTA platform available (set 'hibernate.transaction.jta.platform' to enable JTA platform integration)
2025-06-12 10:04:04 INFO  [main] o.s.o.j.LocalContainerEntityManagerFactoryBean - Initialized JPA EntityManagerFactory for persistence unit 'default'
2025-06-12 10:04:05 INFO  [main] o.s.d.j.r.query.QueryEnhancerFactory - Hibernate is in classpath; If applicable, HQL parser will be used.
2025-06-12 10:04:05 WARN  [main] o.s.b.a.o.j.JpaBaseConfiguration$JpaWebConfiguration - spring.jpa.open-in-view is enabled by default. Therefore, database queries may be performed during view rendering. Explicitly configure spring.jpa.open-in-view to disable this warning
2025-06-12 10:04:05 INFO  [main] o.s.s.c.a.a.c.InitializeAuthenticationProviderBeanManagerConfigurer$InitializeAuthenticationProviderManagerConfigurer - Global AuthenticationManager configured with AuthenticationProvider bean with name authenticationProvider
2025-06-12 10:04:05 WARN  [main] o.s.s.c.a.a.c.InitializeUserDetailsBeanManagerConfigurer$InitializeUserDetailsManagerConfigurer - Global AuthenticationManager configured with an AuthenticationProvider bean. UserDetailsService beans will not be used by Spring Security for automatically configuring username/password login. Consider removing the AuthenticationProvider bean. Alternatively, consider using the UserDetailsService in a manually instantiated DaoAuthenticationProvider. If the current configuration is intentional, to turn off this warning, increase the logging level of 'org.springframework.security.config.annotation.authentication.configuration.InitializeUserDetailsBeanManagerConfigurer' to ERROR
2025-06-12 10:04:06 INFO  [main] o.a.coyote.http11.Http11NioProtocol - Starting ProtocolHandler ["http-nio-8080"]
2025-06-12 10:04:06 INFO  [main] o.s.b.w.e.tomcat.TomcatWebServer - Tomcat started on port 8080 (http) with context path '/'
2025-06-12 10:04:06 INFO  [main] o.e.shorturl.ShortUrlApplication - Started ShortUrlApplication in 3.296 seconds (process running for 3.595)
2025-06-12 10:04:09 INFO  [http-nio-8080-exec-1] o.a.c.c.C.[Tomcat].[localhost].[/] - Initializing Spring DispatcherServlet 'dispatcherServlet'
2025-06-12 10:04:09 INFO  [http-nio-8080-exec-1] o.s.web.servlet.DispatcherServlet - Initializing Servlet 'dispatcherServlet'
2025-06-12 10:04:09 INFO  [http-nio-8080-exec-1] o.s.web.servlet.DispatcherServlet - Completed initialization in 1 ms
2025-06-12 10:04:09 TRACE [http-nio-8080-exec-1] org.zalando.logbook.Logbook - {"origin":"remote","type":"request","correlation":"972a1249401bd062","protocol":"HTTP/1.1","remote":"127.0.0.1","method":"GET","uri":"http://localhost:8080/swagger-ui/index.html","host":"localhost","path":"/swagger-ui/index.html","scheme":"http","port":"8080","headers":{"accept":["text/html,application/xhtml+xml,application/xml;q=0.9,*/*;q=0.8"],"accept-encoding":["gzip, deflate, br, zstd"],"accept-language":["en-US,en;q=0.5"],"connection":["keep-alive"],"cookie":["Idea-43b05894=db9fa3c3-67b5-40eb-a684-f86c2464bc13"],"host":["localhost:8080"],"if-modified-since":["Thu, 30 May 2024 23:17:31 GMT"],"priority":["u=0, i"],"sec-fetch-dest":["document"],"sec-fetch-mode":["navigate"],"sec-fetch-site":["none"],"sec-fetch-user":["?1"],"upgrade-insecure-requests":["1"],"user-agent":["Mozilla/5.0 (Macintosh; Intel Mac OS X 10.15; rv:139.0) Gecko/20100101 Firefox/139.0"]}}
2025-06-12 10:04:09 TRACE [http-nio-8080-exec-1] org.zalando.logbook.Logbook - {"origin":"local","type":"response","correlation":"972a1249401bd062","duration":33,"protocol":"HTTP/1.1","status":304,"headers":{"Connection":["keep-alive"],"Date":["Thu, 12 Jun 2025 05:04:09 GMT"],"Keep-Alive":["timeout=60"],"Last-Modified":["Thu, 30 May 2024 23:17:31 GMT"],"Vary":["Origin","Access-Control-Request-Method","Access-Control-Request-Headers"],"X-Content-Type-Options":["nosniff"],"X-Frame-Options":["DENY"],"X-XSS-Protection":["0"]}}
2025-06-12 10:04:09 TRACE [http-nio-8080-exec-2] org.zalando.logbook.Logbook - {"origin":"remote","type":"request","correlation":"b5b44af09c2f7a0b","protocol":"HTTP/1.1","remote":"127.0.0.1","method":"GET","uri":"http://localhost:8080/swagger-ui/swagger-initializer.js","host":"localhost","path":"/swagger-ui/swagger-initializer.js","scheme":"http","port":"8080","headers":{"accept":["*/*"],"accept-encoding":["gzip, deflate, br, zstd"],"accept-language":["en-US,en;q=0.5"],"connection":["keep-alive"],"cookie":["Idea-43b05894=db9fa3c3-67b5-40eb-a684-f86c2464bc13"],"host":["localhost:8080"],"referer":["http://localhost:8080/swagger-ui/index.html"],"sec-fetch-dest":["script"],"sec-fetch-mode":["no-cors"],"sec-fetch-site":["same-origin"],"user-agent":["Mozilla/5.0 (Macintosh; Intel Mac OS X 10.15; rv:139.0) Gecko/20100101 Firefox/139.0"]}}
2025-06-12 10:04:09 TRACE [http-nio-8080-exec-2] org.zalando.logbook.Logbook - {"origin":"local","type":"response","correlation":"b5b44af09c2f7a0b","duration":10,"protocol":"HTTP/1.1","status":200,"headers":{"Accept-Ranges":["bytes"],"Cache-Control":["no-store"],"Connection":["keep-alive"],"Content-Length":["612"],"Content-Type":["text/javascript"],"Date":["Thu, 12 Jun 2025 05:04:09 GMT"],"Keep-Alive":["timeout=60"],"Last-Modified":["Thu, 30 May 2024 23:17:31 GMT"],"Vary":["Origin","Access-Control-Request-Method","Access-Control-Request-Headers"],"X-Content-Type-Options":["nosniff"],"X-Frame-Options":["DENY"],"X-XSS-Protection":["0"]},"body":"window.onload = function() {\n  //<editor-fold desc=\"Changeable Configuration Block\">\n\n  // the following lines will be replaced by docker/configurator, when it runs in a docker-container\n  window.ui = SwaggerUIBundle({\n    url: \"https://petstore.swagger.io/v2/swagger.json\",\n    dom_id: '#swagger-ui',\n    deepLinking: true,\n    presets: [\n      SwaggerUIBundle.presets.apis,\n      SwaggerUIStandalonePreset\n    ],\n    plugins: [\n      SwaggerUIBundle.plugins.DownloadUrl\n    ],\n    layout: \"StandaloneLayout\" ,\n\n  \"configUrl\" : \"/v3/api-docs/swagger-config\",\n  \"validatorUrl\" : \"\"\n\n  });\n\n  //</editor-fold>\n};\n"}
2025-06-12 10:04:09 TRACE [http-nio-8080-exec-3] org.zalando.logbook.Logbook - {"origin":"remote","type":"request","correlation":"dcde00b6803f6d9a","protocol":"HTTP/1.1","remote":"127.0.0.1","method":"GET","uri":"http://localhost:8080/v3/api-docs/swagger-config","host":"localhost","path":"/v3/api-docs/swagger-config","scheme":"http","port":"8080","headers":{"accept":["*/*"],"accept-encoding":["gzip, deflate, br, zstd"],"accept-language":["en-US,en;q=0.5"],"connection":["keep-alive"],"cookie":["Idea-43b05894=db9fa3c3-67b5-40eb-a684-f86c2464bc13"],"host":["localhost:8080"],"priority":["u=4"],"referer":["http://localhost:8080/swagger-ui/index.html"],"sec-fetch-dest":["empty"],"sec-fetch-mode":["cors"],"sec-fetch-site":["same-origin"],"user-agent":["Mozilla/5.0 (Macintosh; Intel Mac OS X 10.15; rv:139.0) Gecko/20100101 Firefox/139.0"]}}
2025-06-12 10:04:09 TRACE [http-nio-8080-exec-3] org.zalando.logbook.Logbook - {"origin":"local","type":"response","correlation":"dcde00b6803f6d9a","duration":21,"protocol":"HTTP/1.1","status":200,"headers":{"Cache-Control":["no-cache, no-store, max-age=0, must-revalidate"],"Connection":["keep-alive"],"Content-Type":["application/json"],"Date":["Thu, 12 Jun 2025 05:04:09 GMT"],"Expires":["0"],"Keep-Alive":["timeout=60"],"Pragma":["no-cache"],"Transfer-Encoding":["chunked"],"Vary":["Origin","Access-Control-Request-Method","Access-Control-Request-Headers"],"X-Content-Type-Options":["nosniff"],"X-Frame-Options":["DENY"],"X-XSS-Protection":["0"]},"body":{"configUrl":"/v3/api-docs/swagger-config","oauth2RedirectUrl":"http://localhost:8080/swagger-ui/oauth2-redirect.html","urls":[{"url":"/v3/api-docs/Swagger UI FOR All APIs","name":"Swagger UI FOR All APIs"}],"validatorUrl":""}}
2025-06-12 10:04:09 TRACE [http-nio-8080-exec-4] org.zalando.logbook.Logbook - {"origin":"remote","type":"request","correlation":"fe5c33b3560ec1cd","protocol":"HTTP/1.1","remote":"127.0.0.1","method":"GET","uri":"http://localhost:8080/v3/api-docs/Swagger%20UI%20FOR%20All%20APIs","host":"localhost","path":"/v3/api-docs/Swagger%20UI%20FOR%20All%20APIs","scheme":"http","port":"8080","headers":{"accept":["application/json,*/*"],"accept-encoding":["gzip, deflate, br, zstd"],"accept-language":["en-US,en;q=0.5"],"connection":["keep-alive"],"cookie":["Idea-43b05894=db9fa3c3-67b5-40eb-a684-f86c2464bc13"],"host":["localhost:8080"],"priority":["u=4"],"referer":["http://localhost:8080/swagger-ui/index.html"],"sec-fetch-dest":["empty"],"sec-fetch-mode":["cors"],"sec-fetch-site":["same-origin"],"user-agent":["Mozilla/5.0 (Macintosh; Intel Mac OS X 10.15; rv:139.0) Gecko/20100101 Firefox/139.0"]}}
