2025-06-11 23:01:42 TRACE [http-nio-8080-exec-2] org.zalando.logbook.Logbook - {"origin":"local","type":"response","correlation":"d04996a09d1f410b","duration":1542,"protocol":"HTTP/1.1","status":500,"headers":{"Cache-Control":["no-cache, no-store, max-age=0, must-revalidate"],"Connection":["close"],"Content-Type":["application/json"],"Date":["Wed, 11 Jun 2025 18:01:42 GMT"],"Expires":["0"],"Pragma":["no-cache"],"Transfer-Encoding":["chunked"],"Vary":["Origin","Access-Control-Request-Method","Access-Control-Request-Headers"],"X-Content-Type-Options":["nosniff"],"X-Frame-Options":["DENY"],"X-XSS-Protection":["0"]},"body":{"friendlyMessage":"Internal Server Error","developerMessage":"could not execute statement [ERROR: null value in column \"email\" of relation \"auth_user\" violates not-null constraint\n  Detail: Failing row contains (3, 2025-06-11 23:01:41.145635, -1, f, 2025-06-11 23:01:41.145635, -1, f, null, null, null, null).] [insert into auth_user (active,created_at,created_by,deleted,email,password,role,updated_at,updated_by,username) values (?,?,?,?,?,?,?,?,?,?)]; SQL [insert into auth_user (active,created_at,created_by,deleted,email,password,role,updated_at,updated_by,username) values (?,?,?,?,?,?,?,?,?,?)]; constraint [email\" of relation \"auth_user]","errorPath":"/api/auth/register","statusCode":500}}
2025-06-11 23:18:16 INFO  [SpringApplicationShutdownHook] o.s.b.w.e.tomcat.GracefulShutdown - Commencing graceful shutdown. Waiting for active requests to complete
2025-06-11 23:18:16 INFO  [tomcat-shutdown] o.s.b.w.e.tomcat.GracefulShutdown - Graceful shutdown complete
2025-06-11 23:18:16 INFO  [SpringApplicationShutdownHook] o.s.o.j.LocalContainerEntityManagerFactoryBean - Closing JPA EntityManagerFactory for persistence unit 'default'
2025-06-11 23:18:16 INFO  [SpringApplicationShutdownHook] com.zaxxer.hikari.HikariDataSource - HikariPool-1 - Shutdown initiated...
2025-06-11 23:18:16 INFO  [SpringApplicationShutdownHook] com.zaxxer.hikari.HikariDataSource - HikariPool-1 - Shutdown completed.
2025-06-11 23:18:18 INFO  [background-preinit] o.h.validator.internal.util.Version - HV000001: Hibernate Validator 8.0.2.Final
2025-06-11 23:18:18 INFO  [main] o.e.shorturl.ShortUrlApplication - Starting ShortUrlApplication using Java 23.0.1 with PID 32537 (/Users/macbookpro/IdeaProjects/shortURL/target/classes started by macbookpro in /Users/macbookpro/IdeaProjects/shortURL)
2025-06-11 23:18:18 INFO  [main] o.e.shorturl.ShortUrlApplication - The following 1 profile is active: "prod"
2025-06-11 23:18:19 INFO  [main] o.s.d.r.c.RepositoryConfigurationDelegate - Bootstrapping Spring Data JPA repositories in DEFAULT mode.
2025-06-11 23:18:19 INFO  [main] o.s.d.r.c.RepositoryConfigurationDelegate - Finished Spring Data repository scanning in 21 ms. Found 1 JPA repository interface.
2025-06-11 23:18:19 INFO  [main] o.s.b.w.e.tomcat.TomcatWebServer - Tomcat initialized with port 8080 (http)
2025-06-11 23:18:19 INFO  [main] o.a.coyote.http11.Http11NioProtocol - Initializing ProtocolHandler ["http-nio-8080"]
2025-06-11 23:18:19 INFO  [main] o.a.catalina.core.StandardService - Starting service [Tomcat]
2025-06-11 23:18:19 INFO  [main] o.a.catalina.core.StandardEngine - Starting Servlet engine: [Apache Tomcat/10.1.41]
2025-06-11 23:18:19 INFO  [main] o.a.c.c.C.[Tomcat].[localhost].[/] - Initializing Spring embedded WebApplicationContext
2025-06-11 23:18:19 INFO  [main] o.s.b.w.s.c.ServletWebServerApplicationContext - Root WebApplicationContext: initialization completed in 832 ms
2025-06-11 23:18:19 INFO  [main] o.h.jpa.internal.util.LogHelper - HHH000204: Processing PersistenceUnitInfo [name: default]
2025-06-11 23:18:19 INFO  [main] org.hibernate.Version - HHH000412: Hibernate ORM core version 6.6.15.Final
2025-06-11 23:18:20 INFO  [main] o.h.c.i.RegionFactoryInitiator - HHH000026: Second-level cache disabled
2025-06-11 23:18:20 INFO  [main] o.s.o.j.p.SpringPersistenceUnitInfo - No LoadTimeWeaver setup: ignoring JPA class transformer
2025-06-11 23:18:20 INFO  [main] com.zaxxer.hikari.HikariDataSource - HikariPool-1 - Starting...
2025-06-11 23:18:20 INFO  [main] com.zaxxer.hikari.pool.HikariPool - HikariPool-1 - Added connection org.postgresql.jdbc.PgConnection@68543a35
2025-06-11 23:18:20 INFO  [main] com.zaxxer.hikari.HikariDataSource - HikariPool-1 - Start completed.
2025-06-11 23:18:20 INFO  [main] o.hibernate.orm.connections.pooling - HHH10001005: Database info:
	Database JDBC URL [Connecting through datasource 'HikariDataSource (HikariPool-1)']
	Database driver: undefined/unknown
	Database version: 16.2
	Autocommit mode: undefined/unknown
	Isolation level: undefined/unknown
	Minimum pool size: undefined/unknown
	Maximum pool size: undefined/unknown
2025-06-11 23:18:20 INFO  [main] o.h.e.t.j.p.i.JtaPlatformInitiator - HHH000489: No JTA platform available (set 'hibernate.transaction.jta.platform' to enable JTA platform integration)
2025-06-11 23:18:20 INFO  [main] o.s.o.j.LocalContainerEntityManagerFactoryBean - Initialized JPA EntityManagerFactory for persistence unit 'default'
2025-06-11 23:18:20 INFO  [main] o.s.d.j.r.query.QueryEnhancerFactory - Hibernate is in classpath; If applicable, HQL parser will be used.
2025-06-11 23:18:21 WARN  [main] o.s.b.a.o.j.JpaBaseConfiguration$JpaWebConfiguration - spring.jpa.open-in-view is enabled by default. Therefore, database queries may be performed during view rendering. Explicitly configure spring.jpa.open-in-view to disable this warning
2025-06-11 23:18:21 INFO  [main] o.s.s.c.a.a.c.InitializeAuthenticationProviderBeanManagerConfigurer$InitializeAuthenticationProviderManagerConfigurer - Global AuthenticationManager configured with AuthenticationProvider bean with name authenticationProvider
2025-06-11 23:18:21 WARN  [main] o.s.s.c.a.a.c.InitializeUserDetailsBeanManagerConfigurer$InitializeUserDetailsManagerConfigurer - Global AuthenticationManager configured with an AuthenticationProvider bean. UserDetailsService beans will not be used by Spring Security for automatically configuring username/password login. Consider removing the AuthenticationProvider bean. Alternatively, consider using the UserDetailsService in a manually instantiated DaoAuthenticationProvider. If the current configuration is intentional, to turn off this warning, increase the logging level of 'org.springframework.security.config.annotation.authentication.configuration.InitializeUserDetailsBeanManagerConfigurer' to ERROR
2025-06-11 23:18:21 INFO  [main] o.a.coyote.http11.Http11NioProtocol - Starting ProtocolHandler ["http-nio-8080"]
2025-06-11 23:18:21 INFO  [main] o.s.b.w.e.tomcat.TomcatWebServer - Tomcat started on port 8080 (http) with context path '/'
2025-06-11 23:18:21 INFO  [main] o.e.shorturl.ShortUrlApplication - Started ShortUrlApplication in 3.336 seconds (process running for 3.632)
2025-06-11 23:18:29 INFO  [http-nio-8080-exec-1] o.a.c.c.C.[Tomcat].[localhost].[/] - Initializing Spring DispatcherServlet 'dispatcherServlet'
2025-06-11 23:18:29 INFO  [http-nio-8080-exec-1] o.s.web.servlet.DispatcherServlet - Initializing Servlet 'dispatcherServlet'
2025-06-11 23:18:29 INFO  [http-nio-8080-exec-1] o.s.web.servlet.DispatcherServlet - Completed initialization in 1 ms
2025-06-11 23:18:29 TRACE [http-nio-8080-exec-1] org.zalando.logbook.Logbook - {"origin":"remote","type":"request","correlation":"c430309753cd78cd","protocol":"HTTP/1.1","remote":"0:0:0:0:0:0:0:1","method":"POST","uri":"http://localhost:8080/api/auth/register","host":"localhost","path":"/api/auth/register","scheme":"http","port":"8080","headers":{"accept":["*/*"],"accept-encoding":["gzip, deflate, br"],"authorization":["XXX"],"connection":["keep-alive"],"content-length":["94"],"content-type":["application/json"],"host":["localhost:8080"],"postman-token":["44a54ddc-7ef9-460d-9a1a-ed3685c9fe25"],"user-agent":["PostmanRuntime/7.44.0"]},"body":{"username":"user111","password":"123","email":"user@mail.com","role":"ADMIN"}}
2025-06-11 23:18:29 WARN  [http-nio-8080-exec-1] o.e.s.config.security.SessionUser - User is not authenticated or not found in SecurityContext
2025-06-11 23:18:29 WARN  [http-nio-8080-exec-1] o.h.e.jdbc.spi.SqlExceptionHelper - SQL Error: 0, SQLState: 23502
2025-06-11 23:18:29 ERROR [http-nio-8080-exec-1] o.h.e.jdbc.spi.SqlExceptionHelper - ERROR: null value in column "email" of relation "auth_user" violates not-null constraint
  Detail: Failing row contains (4, 2025-06-11 23:18:29.200915, -1, f, 2025-06-11 23:18:29.200915, -1, f, null, null, null, null).
2025-06-11 23:18:29 ERROR [http-nio-8080-exec-1] o.e.s.c.h.GlobalExceptionHandler - Server Error : AppErrorDto(friendlyMessage=Internal Server Error, developerMessage=could not execute statement [ERROR: null value in column "email" of relation "auth_user" violates not-null constraint
  Detail: Failing row contains (4, 2025-06-11 23:18:29.200915, -1, f, 2025-06-11 23:18:29.200915, -1, f, null, null, null, null).] [insert into auth_user (active,created_at,created_by,deleted,email,password,role,updated_at,updated_by,username) values (?,?,?,?,?,?,?,?,?,?)]; SQL [insert into auth_user (active,created_at,created_by,deleted,email,password,role,updated_at,updated_by,username) values (?,?,?,?,?,?,?,?,?,?)]; constraint [email" of relation "auth_user], errorPath=/api/auth/register, statusCode=500)
2025-06-11 23:18:30 TRACE [http-nio-8080-exec-1] org.zalando.logbook.Logbook - {"origin":"local","type":"response","correlation":"c430309753cd78cd","duration":959,"protocol":"HTTP/1.1","status":500,"headers":{"Cache-Control":["no-cache, no-store, max-age=0, must-revalidate"],"Connection":["close"],"Content-Type":["application/json"],"Date":["Wed, 11 Jun 2025 18:18:30 GMT"],"Expires":["0"],"Pragma":["no-cache"],"Transfer-Encoding":["chunked"],"Vary":["Origin","Access-Control-Request-Method","Access-Control-Request-Headers"],"X-Content-Type-Options":["nosniff"],"X-Frame-Options":["DENY"],"X-XSS-Protection":["0"]},"body":{"friendlyMessage":"Internal Server Error","developerMessage":"could not execute statement [ERROR: null value in column \"email\" of relation \"auth_user\" violates not-null constraint\n  Detail: Failing row contains (4, 2025-06-11 23:18:29.200915, -1, f, 2025-06-11 23:18:29.200915, -1, f, null, null, null, null).] [insert into auth_user (active,created_at,created_by,deleted,email,password,role,updated_at,updated_by,username) values (?,?,?,?,?,?,?,?,?,?)]; SQL [insert into auth_user (active,created_at,created_by,deleted,email,password,role,updated_at,updated_by,username) values (?,?,?,?,?,?,?,?,?,?)]; constraint [email\" of relation \"auth_user]","errorPath":"/api/auth/register","statusCode":500}}
