2025-06-19 20:02:18 WARN  [HikariPool-1:housekeeper] com.zaxxer.hikari.pool.HikariPool - HikariPool-1 - Thread starvation or clock leap detected (housekeeper delta=11m58s590ms).
2025-06-19 21:21:24 WARN  [HikariPool-1:housekeeper] com.zaxxer.hikari.pool.HikariPool - HikariPool-1 - Thread starvation or clock leap detected (housekeeper delta=1h9m36s412ms).
2025-06-19 21:54:25 WARN  [HikariPool-1:housekeeper] com.zaxxer.hikari.pool.HikariPool - HikariPool-1 - Thread starvation or clock leap detected (housekeeper delta=33m494ms).
2025-06-19 22:05:19 TRACE [http-nio-8080-exec-6] org.zalando.logbook.Logbook - {"origin":"remote","type":"request","correlation":"93b798230e8efa6b","protocol":"HTTP/1.1","remote":"127.0.0.1","method":"POST","uri":"http://localhost:8080/api/auth/generate-token","host":"localhost","path":"/api/auth/generate-token","scheme":"http","port":"8080","headers":{"accept":["*/*"],"accept-encoding":["gzip, deflate, br, zstd"],"accept-language":["en-US,en;q=0.5"],"connection":["keep-alive"],"content-length":["46"],"content-type":["application/json"],"cookie":["Idea-43b05894=db9fa3c3-67b5-40eb-a684-f86c2464bc13"],"host":["localhost:8080"],"origin":["http://localhost:8080"],"priority":["u=0"],"referer":["http://localhost:8080/swagger-ui/index.html"],"sec-fetch-dest":["empty"],"sec-fetch-mode":["cors"],"sec-fetch-site":["same-origin"],"user-agent":["Mozilla/5.0 (Macintosh; Intel Mac OS X 10.15; rv:139.0) Gecko/20100101 Firefox/139.0"]},"body":{"username":"jalol","password":"111"}}
2025-06-19 22:05:20 INFO  [http-nio-8080-exec-6] o.e.s.s.impl.AuthUserServiseImpl - Token generated for user: jalol
2025-06-19 22:05:20 TRACE [http-nio-8080-exec-6] org.zalando.logbook.Logbook - {"origin":"local","type":"response","correlation":"93b798230e8efa6b","duration":305,"protocol":"HTTP/1.1","status":200,"headers":{"Cache-Control":["no-cache, no-store, max-age=0, must-revalidate"],"Connection":["keep-alive"],"Content-Length":["206"],"Content-Type":["text/plain;charset=UTF-8"],"Date":["Thu, 19 Jun 2025 17:05:20 GMT"],"Expires":["0"],"Keep-Alive":["timeout=60"],"Pragma":["no-cache"],"Vary":["Origin","Access-Control-Request-Method","Access-Control-Request-Headers"],"X-Content-Type-Options":["nosniff"],"X-Frame-Options":["DENY"],"X-XSS-Protection":["0"]},"body":"eyJhbGciOiJIUzM4NCJ9.eyJzdWIiOiJqYWxvbCIsImlhdCI6MTc1MDM1MjcyMCwiZXhwIjoxNzUwMzUzMzIwLCJpc3MiOiJodHRwczovL29ubGluZS5wZHAudXoiLCJtZSI6InlvdSJ9.MlJiHGJ36FSHieiT6lROh35sWsk_KoFM-imazAzYBT5jozTdSh7W94ZlEI--jBOq"}
2025-06-19 22:06:29 TRACE [http-nio-8080-exec-8] org.zalando.logbook.Logbook - {"origin":"remote","type":"request","correlation":"ca88232f4e210e43","protocol":"HTTP/1.1","remote":"127.0.0.1","method":"GET","uri":"http://localhost:8080/api/url/report","host":"localhost","path":"/api/url/report","scheme":"http","port":"8080","headers":{"accept":["*/*"],"accept-encoding":["gzip, deflate, br, zstd"],"accept-language":["en-US,en;q=0.5"],"authorization":["XXX"],"connection":["keep-alive"],"cookie":["Idea-43b05894=db9fa3c3-67b5-40eb-a684-f86c2464bc13"],"host":["localhost:8080"],"priority":["u=0"],"referer":["http://localhost:8080/swagger-ui/index.html"],"sec-fetch-dest":["empty"],"sec-fetch-mode":["cors"],"sec-fetch-site":["same-origin"],"user-agent":["Mozilla/5.0 (Macintosh; Intel Mac OS X 10.15; rv:139.0) Gecko/20100101 Firefox/139.0"]}}
2025-06-19 22:06:29 TRACE [http-nio-8080-exec-8] org.zalando.logbook.Logbook - {"origin":"local","type":"response","correlation":"ca88232f4e210e43","duration":18,"protocol":"HTTP/1.1","status":200,"headers":{"Cache-Control":["no-cache, no-store, max-age=0, must-revalidate"],"Connection":["keep-alive"],"Content-Type":["application/json"],"Date":["Thu, 19 Jun 2025 17:06:29 GMT"],"Expires":["0"],"Keep-Alive":["timeout=60"],"Pragma":["no-cache"],"Transfer-Encoding":["chunked"],"Vary":["Origin","Access-Control-Request-Method","Access-Control-Request-Headers"],"X-Content-Type-Options":["nosniff"],"X-Frame-Options":["DENY"],"X-XSS-Protection":["0"]},"body":{"from":"09/06/2025","to":"15/06/2025","dailyReports":[{"dayNumber":1,"reports":[{"url":"https://medium.com/@devlink/ai-killed-my-coding-brain-but-im-rebuilding-it-8de7e1618bca","code":"c5f66485","description":"AI killed my coding brain but I’m rebuilding it","dayOfWeek":"MONDAY","expired":false}],"dayName":"MONDAY","count":1},{"dayNumber":3,"reports":[{"url":"https://medium.com/databases-in-simple-words/why-uber-moved-from-postgres-to-mysql-b6ecfa9ff0d9","code":"a5c31077","description":"MySQL","dayOfWeek":"WEDNESDAY","expired":true},{"url":"https://medium.com/write-a-catalyst/you-are-fired-now-80458d77205a","code":"882b3819","description":"Coding vs VIBE Coding","dayOfWeek":"WEDNESDAY","expired":true}],"dayName":"WEDNESDAY","count":2},{"dayNumber":5,"reports":[{"url":"https://medium.com/@brianjenney/the-3-worst-developers-i-ever-worked-with-eb5c6f2befdb","code":"234b07cc","description":"Worked With","dayOfWeek":"FRIDAY","expired":true}],"dayName":"FRIDAY","count":1}],"count":4}}
2025-06-19 22:06:29 ERROR [my_pool-1] freemarker.runtime - Error executing FreeMarker template
freemarker.core.InvalidReferenceException: The following has evaluated to null or missing:
==> report  [in template "report.ftlh" at line 40, column 39]

----
Tip: If the failing expression is known to legally refer to something that's sometimes null or missing, either specify a default value like myOptionalVar!myDefault, or use <#if myOptionalVar??>when-present<#else>when-missing</#if>. (These only cover the last step of the expression; to cover the whole expression, use parenthesis: (myOptionalVar.foo)!myDefault, (myOptionalVar.foo)??
----

----
FTL stack trace ("~" means nesting-related):
	- Failed at: ${report.from}  [in template "report.ftlh" at line 40, column 37]
----
	at freemarker.core.InvalidReferenceException.getInstance(InvalidReferenceException.java:134)
	at freemarker.core.UnexpectedTypeException.newDescriptionBuilder(UnexpectedTypeException.java:85)
	at freemarker.core.UnexpectedTypeException.<init>(UnexpectedTypeException.java:48)
	at freemarker.core.NonHashException.<init>(NonHashException.java:49)
	at freemarker.core.Dot._eval(Dot.java:57)
	at freemarker.core.Expression.eval(Expression.java:101)
	at freemarker.core.DollarVariable.calculateInterpolatedStringOrMarkup(DollarVariable.java:104)
	at freemarker.core.DollarVariable.accept(DollarVariable.java:63)
	at freemarker.core.Environment.visit(Environment.java:344)
	at freemarker.core.Environment.visit(Environment.java:350)
	at freemarker.core.Environment.process(Environment.java:323)
	at freemarker.template.Template.process(Template.java:383)
	at org.springframework.ui.freemarker.FreeMarkerTemplateUtils.processTemplateIntoString(FreeMarkerTemplateUtils.java:51)
	at org.example.shorturl.utils.MailSenderServise.sendWeeklyReport(MailSenderServise.java:85)
	at java.base/jdk.internal.reflect.DirectMethodHandleAccessor.invoke(DirectMethodHandleAccessor.java:103)
	at java.base/java.lang.reflect.Method.invoke(Method.java:580)
	at org.springframework.aop.support.AopUtils.invokeJoinpointUsingReflection(AopUtils.java:359)
	at org.springframework.aop.framework.ReflectiveMethodInvocation.invokeJoinpoint(ReflectiveMethodInvocation.java:196)
	at org.springframework.aop.framework.ReflectiveMethodInvocation.proceed(ReflectiveMethodInvocation.java:163)
	at org.springframework.aop.interceptor.AsyncExecutionInterceptor.lambda$invoke$0(AsyncExecutionInterceptor.java:114)
	at java.base/java.util.concurrent.FutureTask.run(FutureTask.java:317)
	at java.base/java.util.concurrent.ThreadPoolExecutor.runWorker(ThreadPoolExecutor.java:1144)
	at java.base/java.util.concurrent.ThreadPoolExecutor$Worker.run(ThreadPoolExecutor.java:642)
	at java.base/java.lang.Thread.run(Thread.java:1575)
2025-06-19 22:09:08 TRACE [http-nio-8080-exec-10] org.zalando.logbook.Logbook - {"origin":"remote","type":"request","correlation":"c5d9ca672986aa07","protocol":"HTTP/1.1","remote":"127.0.0.1","method":"GET","uri":"http://localhost:8080/api/url/report","host":"localhost","path":"/api/url/report","scheme":"http","port":"8080","headers":{"accept":["*/*"],"accept-encoding":["gzip, deflate, br, zstd"],"accept-language":["en-US,en;q=0.5"],"authorization":["XXX"],"connection":["keep-alive"],"cookie":["Idea-43b05894=db9fa3c3-67b5-40eb-a684-f86c2464bc13"],"host":["localhost:8080"],"priority":["u=0"],"referer":["http://localhost:8080/swagger-ui/index.html"],"sec-fetch-dest":["empty"],"sec-fetch-mode":["cors"],"sec-fetch-site":["same-origin"],"user-agent":["Mozilla/5.0 (Macintosh; Intel Mac OS X 10.15; rv:139.0) Gecko/20100101 Firefox/139.0"]}}
2025-06-19 22:09:08 TRACE [http-nio-8080-exec-10] org.zalando.logbook.Logbook - {"origin":"local","type":"response","correlation":"c5d9ca672986aa07","duration":5,"protocol":"HTTP/1.1","status":200,"headers":{"Cache-Control":["no-cache, no-store, max-age=0, must-revalidate"],"Connection":["keep-alive"],"Content-Type":["application/json"],"Date":["Thu, 19 Jun 2025 17:09:08 GMT"],"Expires":["0"],"Keep-Alive":["timeout=60"],"Pragma":["no-cache"],"Transfer-Encoding":["chunked"],"Vary":["Origin","Access-Control-Request-Method","Access-Control-Request-Headers"],"X-Content-Type-Options":["nosniff"],"X-Frame-Options":["DENY"],"X-XSS-Protection":["0"]},"body":{"from":"09/06/2025","to":"15/06/2025","dailyReports":[{"dayNumber":1,"reports":[{"url":"https://medium.com/@devlink/ai-killed-my-coding-brain-but-im-rebuilding-it-8de7e1618bca","code":"c5f66485","description":"AI killed my coding brain but I’m rebuilding it","dayOfWeek":"MONDAY","expired":false}],"dayName":"MONDAY","count":1},{"dayNumber":3,"reports":[{"url":"https://medium.com/databases-in-simple-words/why-uber-moved-from-postgres-to-mysql-b6ecfa9ff0d9","code":"a5c31077","description":"MySQL","dayOfWeek":"WEDNESDAY","expired":true},{"url":"https://medium.com/write-a-catalyst/you-are-fired-now-80458d77205a","code":"882b3819","description":"Coding vs VIBE Coding","dayOfWeek":"WEDNESDAY","expired":true}],"dayName":"WEDNESDAY","count":2},{"dayNumber":5,"reports":[{"url":"https://medium.com/@brianjenney/the-3-worst-developers-i-ever-worked-with-eb5c6f2befdb","code":"234b07cc","description":"Worked With","dayOfWeek":"FRIDAY","expired":true}],"dayName":"FRIDAY","count":1}],"count":4}}
