2025-06-17 10:52:34 INFO  [http-nio-8080-exec-1] o.a.c.c.C.[Tomcat].[localhost].[/] - Initializing Spring DispatcherServlet 'dispatcherServlet'
2025-06-17 10:52:34 INFO  [http-nio-8080-exec-1] o.s.web.servlet.DispatcherServlet - Initializing Servlet 'dispatcherServlet'
2025-06-17 10:52:34 INFO  [http-nio-8080-exec-1] o.s.web.servlet.DispatcherServlet - Completed initialization in 1 ms
2025-06-17 10:52:34 TRACE [http-nio-8080-exec-1] org.zalando.logbook.Logbook - {"origin":"remote","type":"request","correlation":"f0be1cfd297ad9d7","protocol":"HTTP/1.1","remote":"0:0:0:0:0:0:0:1","method":"POST","uri":"http://localhost:8080/api/auth/register","host":"localhost","path":"/api/auth/register","scheme":"http","port":"8080","headers":{"accept":["*/*"],"accept-encoding":["gzip, deflate"],"accept-language":["uz,en-US;q=0.9,en;q=0.8"],"connection":["keep-alive"],"content-length":["70"],"content-type":["application/json"],"host":["localhost:8080"],"origin":["http://localhost:8080"],"priority":["u=3, i"],"referer":["http://localhost:8080/swagger-ui/index.html"],"sec-fetch-dest":["empty"],"sec-fetch-mode":["cors"],"sec-fetch-site":["same-origin"],"user-agent":["Mozilla/5.0 (Macintosh; Intel Mac OS X 10_15_7) AppleWebKit/605.1.15 (KHTML, like Gecko) Version/18.5 Safari/605.1.15"]},"body":{"username":"jo","password":"123","email":"jo@gmail.com"}}
2025-06-17 10:52:34 WARN  [http-nio-8080-exec-1] o.e.s.config.security.SessionUser - User is not authenticated or not found in SecurityContext
2025-06-17 10:52:34 WARN  [http-nio-8080-exec-1] o.e.s.config.security.SessionUser - User is not authenticated or not found in SecurityContext
2025-06-17 10:52:34 INFO  [http-nio-8080-exec-1] o.e.s.sevises.AuthUserServiseImpl - New user registered: jo
2025-06-17 10:52:34 TRACE [http-nio-8080-exec-1] org.zalando.logbook.Logbook - {"origin":"local","type":"response","correlation":"f0be1cfd297ad9d7","duration":225,"protocol":"HTTP/1.1","status":201,"headers":{"Cache-Control":["no-cache, no-store, max-age=0, must-revalidate"],"Connection":["keep-alive"],"Content-Length":["7"],"Content-Type":["text/plain;charset=UTF-8"],"Date":["Tue, 17 Jun 2025 05:52:34 GMT"],"Expires":["0"],"Keep-Alive":["timeout=60"],"Pragma":["no-cache"],"Vary":["Origin","Access-Control-Request-Method","Access-Control-Request-Headers"],"X-Content-Type-Options":["nosniff"],"X-Frame-Options":["DENY"],"X-XSS-Protection":["0"]},"body":"Success"}
2025-06-17 10:52:56 TRACE [http-nio-8080-exec-2] org.zalando.logbook.Logbook - {"origin":"remote","type":"request","correlation":"f4777aef17a1b531","protocol":"HTTP/1.1","remote":"0:0:0:0:0:0:0:1","method":"POST","uri":"http://localhost:8080/api/auth/generate-token","host":"localhost","path":"/api/auth/generate-token","scheme":"http","port":"8080","headers":{"accept":["*/*"],"accept-encoding":["gzip, deflate"],"accept-language":["uz,en-US;q=0.9,en;q=0.8"],"connection":["keep-alive"],"content-length":["43"],"content-type":["application/json"],"host":["localhost:8080"],"origin":["http://localhost:8080"],"priority":["u=3, i"],"referer":["http://localhost:8080/swagger-ui/index.html"],"sec-fetch-dest":["empty"],"sec-fetch-mode":["cors"],"sec-fetch-site":["same-origin"],"user-agent":["Mozilla/5.0 (Macintosh; Intel Mac OS X 10_15_7) AppleWebKit/605.1.15 (KHTML, like Gecko) Version/18.5 Safari/605.1.15"]},"body":{"username":"jo","password":"123"}}
2025-06-17 10:52:57 ERROR [http-nio-8080-exec-2] o.e.s.c.h.GlobalExceptionHandler - Server Error : friendlyMessage: Internal Server Error
statusCode: 500
errorPath: /api/auth/generate-token
developerMessage: `User account is locked`

2025-06-17 10:52:57 TRACE [http-nio-8080-exec-2] org.zalando.logbook.Logbook - {"origin":"local","type":"response","correlation":"f4777aef17a1b531","duration":865,"protocol":"HTTP/1.1","status":500,"headers":{"Cache-Control":["no-cache, no-store, max-age=0, must-revalidate"],"Connection":["close"],"Content-Type":["application/json"],"Date":["Tue, 17 Jun 2025 05:52:57 GMT"],"Expires":["0"],"Pragma":["no-cache"],"Transfer-Encoding":["chunked"],"Vary":["Origin","Access-Control-Request-Method","Access-Control-Request-Headers"],"X-Content-Type-Options":["nosniff"],"X-Frame-Options":["DENY"],"X-XSS-Protection":["0"]},"body":{"friendlyMessage":"Internal Server Error","developerMessage":"User account is locked","errorPath":"/api/auth/generate-token","statusCode":500}}
2025-06-17 10:53:08 TRACE [http-nio-8080-exec-3] org.zalando.logbook.Logbook - {"origin":"remote","type":"request","correlation":"8bce8228fca04096","protocol":"HTTP/1.1","remote":"0:0:0:0:0:0:0:1","method":"GET","uri":"http://localhost:8080/api/auth/activate/ZWM4NzljODgtN2YyYS00N2EzLWE3YjEtMjUwNzllODBhNzRjMw==","host":"localhost","path":"/api/auth/activate/ZWM4NzljODgtN2YyYS00N2EzLWE3YjEtMjUwNzllODBhNzRjMw==","scheme":"http","port":"8080","headers":{"accept":["text/html,application/xhtml+xml,application/xml;q=0.9,*/*;q=0.8"],"accept-encoding":["gzip, deflate"],"accept-language":["uz,en-US;q=0.9,en;q=0.8"],"connection":["keep-alive"],"host":["localhost:8080"],"priority":["u=0, i"],"sec-fetch-dest":["document"],"sec-fetch-mode":["navigate"],"sec-fetch-site":["none"],"upgrade-insecure-requests":["1"],"user-agent":["Mozilla/5.0 (Macintosh; Intel Mac OS X 10_15_7) AppleWebKit/605.1.15 (KHTML, like Gecko) Version/18.5 Safari/605.1.15"]}}
2025-06-17 10:53:08 TRACE [http-nio-8080-exec-3] org.zalando.logbook.Logbook - {"origin":"local","type":"response","correlation":"8bce8228fca04096","duration":23,"protocol":"HTTP/1.1","status":200,"headers":{"Cache-Control":["no-cache, no-store, max-age=0, must-revalidate"],"Connection":["keep-alive"],"Content-Length":["30"],"Content-Type":["text/html;charset=UTF-8"],"Date":["Tue, 17 Jun 2025 05:53:08 GMT"],"Expires":["0"],"Keep-Alive":["timeout=60"],"Pragma":["no-cache"],"Vary":["Origin","Access-Control-Request-Method","Access-Control-Request-Headers"],"X-Content-Type-Options":["nosniff"],"X-Frame-Options":["DENY"],"X-XSS-Protection":["0"]},"body":"Account activated successfully"}
2025-06-17 10:53:19 TRACE [http-nio-8080-exec-4] org.zalando.logbook.Logbook - {"origin":"remote","type":"request","correlation":"d32338fe5178dcf8","protocol":"HTTP/1.1","remote":"0:0:0:0:0:0:0:1","method":"POST","uri":"http://localhost:8080/api/auth/generate-token","host":"localhost","path":"/api/auth/generate-token","scheme":"http","port":"8080","headers":{"accept":["*/*"],"accept-encoding":["gzip, deflate"],"accept-language":["uz,en-US;q=0.9,en;q=0.8"],"connection":["keep-alive"],"content-length":["43"],"content-type":["application/json"],"host":["localhost:8080"],"origin":["http://localhost:8080"],"priority":["u=3, i"],"referer":["http://localhost:8080/swagger-ui/index.html"],"sec-fetch-dest":["empty"],"sec-fetch-mode":["cors"],"sec-fetch-site":["same-origin"],"user-agent":["Mozilla/5.0 (Macintosh; Intel Mac OS X 10_15_7) AppleWebKit/605.1.15 (KHTML, like Gecko) Version/18.5 Safari/605.1.15"]},"body":{"username":"jo","password":"123"}}
2025-06-17 10:53:19 WARN  [http-nio-8080-exec-4] o.s.s.c.bcrypt.BCryptPasswordEncoder - Encoded password does not look like BCrypt
2025-06-17 10:53:19 ERROR [http-nio-8080-exec-4] o.e.s.c.h.GlobalExceptionHandler - Server Error : friendlyMessage: Internal Server Error
statusCode: 500
errorPath: /api/auth/generate-token
developerMessage: `Bad credentials`

2025-06-17 10:53:19 TRACE [http-nio-8080-exec-4] org.zalando.logbook.Logbook - {"origin":"local","type":"response","correlation":"d32338fe5178dcf8","duration":140,"protocol":"HTTP/1.1","status":500,"headers":{"Cache-Control":["no-cache, no-store, max-age=0, must-revalidate"],"Connection":["close"],"Content-Type":["application/json"],"Date":["Tue, 17 Jun 2025 05:53:19 GMT"],"Expires":["0"],"Pragma":["no-cache"],"Transfer-Encoding":["chunked"],"Vary":["Origin","Access-Control-Request-Method","Access-Control-Request-Headers"],"X-Content-Type-Options":["nosniff"],"X-Frame-Options":["DENY"],"X-XSS-Protection":["0"]},"body":{"friendlyMessage":"Internal Server Error","developerMessage":"Bad credentials","errorPath":"/api/auth/generate-token","statusCode":500}}
2025-06-17 10:55:50 INFO  [SpringApplicationShutdownHook] o.s.b.w.e.tomcat.GracefulShutdown - Commencing graceful shutdown. Waiting for active requests to complete
2025-06-17 10:55:50 INFO  [tomcat-shutdown] o.s.b.w.e.tomcat.GracefulShutdown - Graceful shutdown complete
2025-06-17 10:55:50 INFO  [SpringApplicationShutdownHook] o.s.o.j.LocalContainerEntityManagerFactoryBean - Closing JPA EntityManagerFactory for persistence unit 'default'
2025-06-17 10:55:50 INFO  [SpringApplicationShutdownHook] com.zaxxer.hikari.HikariDataSource - HikariPool-1 - Shutdown initiated...
2025-06-17 10:55:50 INFO  [SpringApplicationShutdownHook] com.zaxxer.hikari.HikariDataSource - HikariPool-1 - Shutdown completed.
2025-06-17 10:55:52 INFO  [background-preinit] o.h.validator.internal.util.Version - HV000001: Hibernate Validator 8.0.2.Final
2025-06-17 10:55:52 INFO  [main] o.e.shorturl.ShortUrlApplication - Starting ShortUrlApplication using Java 23.0.1 with PID 88738 (/Users/macbookpro/IdeaProjects/shortURL/target/classes started by macbookpro in /Users/macbookpro/IdeaProjects/shortURL)
2025-06-17 10:55:52 INFO  [main] o.e.shorturl.ShortUrlApplication - The following 1 profile is active: "prod"
2025-06-17 10:55:52 INFO  [main] o.s.d.r.c.RepositoryConfigurationDelegate - Bootstrapping Spring Data JPA repositories in DEFAULT mode.
2025-06-17 10:55:52 INFO  [main] o.s.d.r.c.RepositoryConfigurationDelegate - Finished Spring Data repository scanning in 23 ms. Found 2 JPA repository interfaces.
2025-06-17 10:55:53 INFO  [main] o.s.b.w.e.tomcat.TomcatWebServer - Tomcat initialized with port 8080 (http)
2025-06-17 10:55:53 INFO  [main] o.a.coyote.http11.Http11NioProtocol - Initializing ProtocolHandler ["http-nio-8080"]
2025-06-17 10:55:53 INFO  [main] o.a.catalina.core.StandardService - Starting service [Tomcat]
2025-06-17 10:55:53 INFO  [main] o.a.catalina.core.StandardEngine - Starting Servlet engine: [Apache Tomcat/10.1.41]
2025-06-17 10:55:53 INFO  [main] o.a.c.c.C.[Tomcat].[localhost].[/] - Initializing Spring embedded WebApplicationContext
2025-06-17 10:55:53 INFO  [main] o.s.b.w.s.c.ServletWebServerApplicationContext - Root WebApplicationContext: initialization completed in 861 ms
