2025-06-17 14:31:15 INFO  [main] com.zaxxer.hikari.HikariDataSource - HikariPool-1 - Start completed.
2025-06-17 14:31:15 INFO  [main] o.hibernate.orm.connections.pooling - HHH10001005: Database info:
	Database JDBC URL [Connecting through datasource 'HikariDataSource (HikariPool-1)']
	Database driver: undefined/unknown
	Database version: 16.2
	Autocommit mode: undefined/unknown
	Isolation level: undefined/unknown
	Minimum pool size: undefined/unknown
	Maximum pool size: undefined/unknown
2025-06-17 14:31:15 INFO  [main] o.h.e.t.j.p.i.JtaPlatformInitiator - HHH000489: No JTA platform available (set 'hibernate.transaction.jta.platform' to enable JTA platform integration)
2025-06-17 14:31:15 WARN  [main] o.h.e.jdbc.spi.SqlExceptionHelper - SQL Warning Code: 0, SQLState: 00000
2025-06-17 14:31:15 WARN  [main] o.h.e.jdbc.spi.SqlExceptionHelper - constraint "ukklvc3dss72qnlrjp2bai055mw" of relation "auth_user" does not exist, skipping
2025-06-17 14:31:15 WARN  [main] o.h.e.jdbc.spi.SqlExceptionHelper - SQL Warning Code: 0, SQLState: 00000
2025-06-17 14:31:15 WARN  [main] o.h.e.jdbc.spi.SqlExceptionHelper - constraint "ukt1iph3dfc25ukwcl9xemtnojn" of relation "auth_user" does not exist, skipping
2025-06-17 14:31:15 WARN  [main] o.h.e.jdbc.spi.SqlExceptionHelper - SQL Warning Code: 0, SQLState: 00000
2025-06-17 14:31:15 WARN  [main] o.h.e.jdbc.spi.SqlExceptionHelper - constraint "ukpy4phjefb2urk7dixs9sypq2m" of relation "auth_user_otp" does not exist, skipping
2025-06-17 14:31:15 INFO  [main] o.s.o.j.LocalContainerEntityManagerFactoryBean - Initialized JPA EntityManagerFactory for persistence unit 'default'
2025-06-17 14:31:15 INFO  [main] o.s.d.j.r.query.QueryEnhancerFactory - Hibernate is in classpath; If applicable, HQL parser will be used.
2025-06-17 14:31:16 WARN  [main] o.s.b.a.o.j.JpaBaseConfiguration$JpaWebConfiguration - spring.jpa.open-in-view is enabled by default. Therefore, database queries may be performed during view rendering. Explicitly configure spring.jpa.open-in-view to disable this warning
2025-06-17 14:31:16 INFO  [main] o.s.s.c.a.a.c.InitializeAuthenticationProviderBeanManagerConfigurer$InitializeAuthenticationProviderManagerConfigurer - Global AuthenticationManager configured with AuthenticationProvider bean with name authenticationProvider
2025-06-17 14:31:16 WARN  [main] o.s.s.c.a.a.c.InitializeUserDetailsBeanManagerConfigurer$InitializeUserDetailsManagerConfigurer - Global AuthenticationManager configured with an AuthenticationProvider bean. UserDetailsService beans will not be used by Spring Security for automatically configuring username/password login. Consider removing the AuthenticationProvider bean. Alternatively, consider using the UserDetailsService in a manually instantiated DaoAuthenticationProvider. If the current configuration is intentional, to turn off this warning, increase the logging level of 'org.springframework.security.config.annotation.authentication.configuration.InitializeUserDetailsBeanManagerConfigurer' to ERROR
2025-06-17 14:31:17 INFO  [main] o.a.coyote.http11.Http11NioProtocol - Starting ProtocolHandler ["http-nio-8080"]
2025-06-17 14:31:17 INFO  [main] o.s.b.w.e.tomcat.TomcatWebServer - Tomcat started on port 8080 (http) with context path '/'
2025-06-17 14:31:17 INFO  [main] o.e.shorturl.ShortUrlApplication - Started ShortUrlApplication in 3.476 seconds (process running for 3.837)
2025-06-17 14:31:23 INFO  [http-nio-8080-exec-1] o.a.c.c.C.[Tomcat].[localhost].[/] - Initializing Spring DispatcherServlet 'dispatcherServlet'
2025-06-17 14:31:23 INFO  [http-nio-8080-exec-1] o.s.web.servlet.DispatcherServlet - Initializing Servlet 'dispatcherServlet'
2025-06-17 14:31:23 INFO  [http-nio-8080-exec-1] o.s.web.servlet.DispatcherServlet - Completed initialization in 1 ms
2025-06-17 14:31:23 TRACE [http-nio-8080-exec-1] org.zalando.logbook.Logbook - {"origin":"remote","type":"request","correlation":"88ce0170a8fba091","protocol":"HTTP/1.1","remote":"0:0:0:0:0:0:0:1","method":"POST","uri":"http://localhost:8080/api/auth/register","host":"localhost","path":"/api/auth/register","scheme":"http","port":"8080","headers":{"accept":["*/*"],"accept-encoding":["gzip, deflate"],"accept-language":["uz,en-US;q=0.9,en;q=0.8"],"connection":["keep-alive"],"content-length":["70"],"content-type":["application/json"],"host":["localhost:8080"],"origin":["http://localhost:8080"],"priority":["u=3, i"],"referer":["http://localhost:8080/swagger-ui/index.html"],"sec-fetch-dest":["empty"],"sec-fetch-mode":["cors"],"sec-fetch-site":["same-origin"],"user-agent":["Mozilla/5.0 (Macintosh; Intel Mac OS X 10_15_7) AppleWebKit/605.1.15 (KHTML, like Gecko) Version/18.5 Safari/605.1.15"]},"body":{"username":"jo","password":"123","email":"jo@gmail.com"}}
2025-06-17 14:31:23 WARN  [http-nio-8080-exec-1] o.e.s.config.security.SessionUser - User is not authenticated or not found in SecurityContext
2025-06-17 14:31:23 WARN  [http-nio-8080-exec-1] o.e.s.config.security.SessionUser - User is not authenticated or not found in SecurityContext
2025-06-17 14:31:23 INFO  [http-nio-8080-exec-1] o.e.s.sevises.AuthUserServiseImpl - New user registered: jo
2025-06-17 14:31:23 TRACE [http-nio-8080-exec-1] org.zalando.logbook.Logbook - {"origin":"local","type":"response","correlation":"88ce0170a8fba091","duration":269,"protocol":"HTTP/1.1","status":201,"headers":{"Cache-Control":["no-cache, no-store, max-age=0, must-revalidate"],"Connection":["keep-alive"],"Content-Length":["7"],"Content-Type":["text/plain;charset=UTF-8"],"Date":["Tue, 17 Jun 2025 09:31:23 GMT"],"Expires":["0"],"Keep-Alive":["timeout=60"],"Pragma":["no-cache"],"Vary":["Origin","Access-Control-Request-Method","Access-Control-Request-Headers"],"X-Content-Type-Options":["nosniff"],"X-Frame-Options":["DENY"],"X-XSS-Protection":["0"]},"body":"Success"}
2025-06-17 14:31:36 TRACE [http-nio-8080-exec-2] org.zalando.logbook.Logbook - {"origin":"remote","type":"request","correlation":"a59e2b5f5e4bb078","protocol":"HTTP/1.1","remote":"0:0:0:0:0:0:0:1","method":"GET","uri":"http://localhost:8080/api/auth/activate/NjM4MGI0ZDItNjFjNy00MmVmLThkODgtM2E4NTRlY2QxYzBjMQ==","host":"localhost","path":"/api/auth/activate/NjM4MGI0ZDItNjFjNy00MmVmLThkODgtM2E4NTRlY2QxYzBjMQ==","scheme":"http","port":"8080","headers":{"accept":["text/html,application/xhtml+xml,application/xml;q=0.9,*/*;q=0.8"],"accept-encoding":["gzip, deflate"],"accept-language":["uz,en-US;q=0.9,en;q=0.8"],"connection":["keep-alive"],"host":["localhost:8080"],"priority":["u=0, i"],"sec-fetch-dest":["document"],"sec-fetch-mode":["navigate"],"sec-fetch-site":["none"],"upgrade-insecure-requests":["1"],"user-agent":["Mozilla/5.0 (Macintosh; Intel Mac OS X 10_15_7) AppleWebKit/605.1.15 (KHTML, like Gecko) Version/18.5 Safari/605.1.15"]}}
2025-06-17 14:31:36 TRACE [http-nio-8080-exec-2] org.zalando.logbook.Logbook - {"origin":"local","type":"response","correlation":"a59e2b5f5e4bb078","duration":17,"protocol":"HTTP/1.1","status":200,"headers":{"Cache-Control":["no-cache, no-store, max-age=0, must-revalidate"],"Connection":["keep-alive"],"Content-Length":["30"],"Content-Type":["text/html;charset=UTF-8"],"Date":["Tue, 17 Jun 2025 09:31:36 GMT"],"Expires":["0"],"Keep-Alive":["timeout=60"],"Pragma":["no-cache"],"Vary":["Origin","Access-Control-Request-Method","Access-Control-Request-Headers"],"X-Content-Type-Options":["nosniff"],"X-Frame-Options":["DENY"],"X-XSS-Protection":["0"]},"body":"Account activated successfully"}
2025-06-17 14:32:05 TRACE [http-nio-8080-exec-3] org.zalando.logbook.Logbook - {"origin":"remote","type":"request","correlation":"89fd58e0f1f7c1fd","protocol":"HTTP/1.1","remote":"0:0:0:0:0:0:0:1","method":"POST","uri":"http://localhost:8080/api/auth/generate-token","host":"localhost","path":"/api/auth/generate-token","scheme":"http","port":"8080","headers":{"accept":["*/*"],"accept-encoding":["gzip, deflate"],"accept-language":["uz,en-US;q=0.9,en;q=0.8"],"connection":["keep-alive"],"content-length":["43"],"content-type":["application/json"],"host":["localhost:8080"],"origin":["http://localhost:8080"],"priority":["u=3, i"],"referer":["http://localhost:8080/swagger-ui/index.html"],"sec-fetch-dest":["empty"],"sec-fetch-mode":["cors"],"sec-fetch-site":["same-origin"],"user-agent":["Mozilla/5.0 (Macintosh; Intel Mac OS X 10_15_7) AppleWebKit/605.1.15 (KHTML, like Gecko) Version/18.5 Safari/605.1.15"]},"body":{"username":"jo","password":"123"}}
2025-06-17 14:32:05 INFO  [http-nio-8080-exec-3] o.e.s.sevises.AuthUserServiseImpl - Token generated for user: jo
2025-06-17 14:32:05 TRACE [http-nio-8080-exec-3] org.zalando.logbook.Logbook - {"origin":"local","type":"response","correlation":"89fd58e0f1f7c1fd","duration":253,"protocol":"HTTP/1.1","status":200,"headers":{"Cache-Control":["no-cache, no-store, max-age=0, must-revalidate"],"Connection":["keep-alive"],"Content-Length":["202"],"Content-Type":["text/plain;charset=UTF-8"],"Date":["Tue, 17 Jun 2025 09:32:05 GMT"],"Expires":["0"],"Keep-Alive":["timeout=60"],"Pragma":["no-cache"],"Vary":["Origin","Access-Control-Request-Method","Access-Control-Request-Headers"],"X-Content-Type-Options":["nosniff"],"X-Frame-Options":["DENY"],"X-XSS-Protection":["0"]},"body":"eyJhbGciOiJIUzM4NCJ9.eyJzdWIiOiJqbyIsImlhdCI6MTc1MDE1MjcyNSwiZXhwIjoxNzUwMTUzMzI1LCJpc3MiOiJodHRwczovL29ubGluZS5wZHAudXoiLCJtZSI6InlvdSJ9.Brj0Hgo0FVV2rVt0T31rG7WAMElHrBKac2R4DiY6nSOoJljweUIHH8mtOoFhEDok"}
2025-06-17 14:33:19 TRACE [http-nio-8080-exec-5] org.zalando.logbook.Logbook - {"origin":"remote","type":"request","correlation":"8839554e59cb666e","protocol":"HTTP/1.1","remote":"0:0:0:0:0:0:0:1","method":"GET","uri":"http://localhost:8080/api/auth/activate/ZWM4NzljODgtN2YyYS00N2EzLWE3YjEtMjUwNzllODBhNzRjMw==","host":"localhost","path":"/api/auth/activate/ZWM4NzljODgtN2YyYS00N2EzLWE3YjEtMjUwNzllODBhNzRjMw==","scheme":"http","port":"8080","headers":{"accept":["text/html,application/xhtml+xml,application/xml;q=0.9,*/*;q=0.8"],"accept-encoding":["gzip, deflate"],"accept-language":["uz,en-US;q=0.9,en;q=0.8"],"connection":["keep-alive"],"host":["localhost:8080"],"priority":["u=0, i"],"sec-fetch-dest":["document"],"sec-fetch-mode":["navigate"],"sec-fetch-site":["none"],"upgrade-insecure-requests":["1"],"user-agent":["Mozilla/5.0 (Macintosh; Intel Mac OS X 10_15_7) AppleWebKit/605.1.15 (KHTML, like Gecko) Version/18.5 Safari/605.1.15"]}}
