2025-06-16 18:03:26 INFO  [main] o.s.s.c.a.a.c.InitializeAuthenticationProviderBeanManagerConfigurer$InitializeAuthenticationProviderManagerConfigurer - Global AuthenticationManager configured with AuthenticationProvider bean with name authenticationProvider
2025-06-16 18:03:26 WARN  [main] o.s.s.c.a.a.c.InitializeUserDetailsBeanManagerConfigurer$InitializeUserDetailsManagerConfigurer - Global AuthenticationManager configured with an AuthenticationProvider bean. UserDetailsService beans will not be used by Spring Security for automatically configuring username/password login. Consider removing the AuthenticationProvider bean. Alternatively, consider using the UserDetailsService in a manually instantiated DaoAuthenticationProvider. If the current configuration is intentional, to turn off this warning, increase the logging level of 'org.springframework.security.config.annotation.authentication.configuration.InitializeUserDetailsBeanManagerConfigurer' to ERROR
2025-06-16 18:03:26 INFO  [main] o.a.coyote.http11.Http11NioProtocol - Starting ProtocolHandler ["http-nio-8080"]
2025-06-16 18:03:26 INFO  [main] o.s.b.w.e.tomcat.TomcatWebServer - Tomcat started on port 8080 (http) with context path '/'
2025-06-16 18:03:26 INFO  [main] o.e.shorturl.ShortUrlApplication - Started ShortUrlApplication in 3.263 seconds (process running for 3.542)
2025-06-16 18:03:28 INFO  [http-nio-8080-exec-2] o.a.c.c.C.[Tomcat].[localhost].[/] - Initializing Spring DispatcherServlet 'dispatcherServlet'
2025-06-16 18:03:28 INFO  [http-nio-8080-exec-2] o.s.web.servlet.DispatcherServlet - Initializing Servlet 'dispatcherServlet'
2025-06-16 18:03:28 INFO  [http-nio-8080-exec-2] o.s.web.servlet.DispatcherServlet - Completed initialization in 1 ms
2025-06-16 18:03:28 TRACE [http-nio-8080-exec-2] org.zalando.logbook.Logbook - {"origin":"remote","type":"request","correlation":"e4dae5f51f626cd9","protocol":"HTTP/1.1","remote":"127.0.0.1","method":"POST","uri":"http://localhost:8080/api/auth/register","host":"localhost","path":"/api/auth/register","scheme":"http","port":"8080","headers":{"accept":["*/*"],"accept-encoding":["gzip, deflate, br, zstd"],"accept-language":["en-US,en;q=0.5"],"connection":["keep-alive"],"content-length":["26"],"content-type":["application/json"],"cookie":["Idea-43b05894=db9fa3c3-67b5-40eb-a684-f86c2464bc13"],"host":["localhost:8080"],"origin":["http://localhost:8080"],"priority":["u=0"],"referer":["http://localhost:8080/swagger-ui/index.html"],"sec-fetch-dest":["empty"],"sec-fetch-mode":["cors"],"sec-fetch-site":["same-origin"],"user-agent":["Mozilla/5.0 (Macintosh; Intel Mac OS X 10.15; rv:139.0) Gecko/20100101 Firefox/139.0"]},"body":{"username":"string"}}
2025-06-16 18:03:28 ERROR [http-nio-8080-exec-2] o.e.s.c.h.GlobalExceptionHandler - Validation Error : *friendlyMessage*: Not Valid Input
*statusCode*: 400
errorPath*: /api/auth/register
*developerMessage*: `{password=[Password must not be blank], email=[Email must not be blank]}`

2025-06-16 18:03:29 TRACE [http-nio-8080-exec-2] org.zalando.logbook.Logbook - {"origin":"local","type":"response","correlation":"e4dae5f51f626cd9","duration":1058,"protocol":"HTTP/1.1","status":400,"headers":{"Cache-Control":["no-cache, no-store, max-age=0, must-revalidate"],"Connection":["close"],"Content-Type":["application/json"],"Date":["Mon, 16 Jun 2025 13:03:29 GMT"],"Expires":["0"],"Pragma":["no-cache"],"Transfer-Encoding":["chunked"],"Vary":["Origin","Access-Control-Request-Method","Access-Control-Request-Headers"],"X-Content-Type-Options":["nosniff"],"X-Frame-Options":["DENY"],"X-XSS-Protection":["0"]},"body":{"friendlyMessage":"Not Valid Input","developerMessage":{"password":["Password must not be blank"],"email":["Email must not be blank"]},"errorPath":"/api/auth/register","statusCode":400}}
2025-06-16 18:03:33 TRACE [http-nio-8080-exec-1] org.zalando.logbook.Logbook - {"origin":"remote","type":"request","correlation":"e7877b9d2c4dcdd0","protocol":"HTTP/1.1","remote":"127.0.0.1","method":"POST","uri":"http://localhost:8080/api/auth/register","host":"localhost","path":"/api/auth/register","scheme":"http","port":"8080","headers":{"accept":["*/*"],"accept-encoding":["gzip, deflate, br, zstd"],"accept-language":["en-US,en;q=0.5"],"connection":["keep-alive"],"content-length":["26"],"content-type":["application/json"],"cookie":["Idea-43b05894=db9fa3c3-67b5-40eb-a684-f86c2464bc13"],"host":["localhost:8080"],"origin":["http://localhost:8080"],"priority":["u=0"],"referer":["http://localhost:8080/swagger-ui/index.html"],"sec-fetch-dest":["empty"],"sec-fetch-mode":["cors"],"sec-fetch-site":["same-origin"],"user-agent":["Mozilla/5.0 (Macintosh; Intel Mac OS X 10.15; rv:139.0) Gecko/20100101 Firefox/139.0"]},"body":{"username":"string"}}
2025-06-16 18:03:33 ERROR [http-nio-8080-exec-1] o.e.s.c.h.GlobalExceptionHandler - Validation Error : *friendlyMessage*: Not Valid Input
*statusCode*: 400
errorPath*: /api/auth/register
*developerMessage*: `{password=[Password must not be blank], email=[Email must not be blank]}`

2025-06-16 18:03:33 TRACE [http-nio-8080-exec-1] org.zalando.logbook.Logbook - {"origin":"local","type":"response","correlation":"e7877b9d2c4dcdd0","duration":112,"protocol":"HTTP/1.1","status":400,"headers":{"Cache-Control":["no-cache, no-store, max-age=0, must-revalidate"],"Connection":["close"],"Content-Type":["application/json"],"Date":["Mon, 16 Jun 2025 13:03:33 GMT"],"Expires":["0"],"Pragma":["no-cache"],"Transfer-Encoding":["chunked"],"Vary":["Origin","Access-Control-Request-Method","Access-Control-Request-Headers"],"X-Content-Type-Options":["nosniff"],"X-Frame-Options":["DENY"],"X-XSS-Protection":["0"]},"body":{"friendlyMessage":"Not Valid Input","developerMessage":{"password":["Password must not be blank"],"email":["Email must not be blank"]},"errorPath":"/api/auth/register","statusCode":400}}
2025-06-16 18:03:35 TRACE [http-nio-8080-exec-3] org.zalando.logbook.Logbook - {"origin":"remote","type":"request","correlation":"814b8026b7f1d183","protocol":"HTTP/1.1","remote":"127.0.0.1","method":"POST","uri":"http://localhost:8080/api/auth/register","host":"localhost","path":"/api/auth/register","scheme":"http","port":"8080","headers":{"accept":["*/*"],"accept-encoding":["gzip, deflate, br, zstd"],"accept-language":["en-US,en;q=0.5"],"connection":["keep-alive"],"content-length":["26"],"content-type":["application/json"],"cookie":["Idea-43b05894=db9fa3c3-67b5-40eb-a684-f86c2464bc13"],"host":["localhost:8080"],"origin":["http://localhost:8080"],"priority":["u=0"],"referer":["http://localhost:8080/swagger-ui/index.html"],"sec-fetch-dest":["empty"],"sec-fetch-mode":["cors"],"sec-fetch-site":["same-origin"],"user-agent":["Mozilla/5.0 (Macintosh; Intel Mac OS X 10.15; rv:139.0) Gecko/20100101 Firefox/139.0"]},"body":{"username":"string"}}
2025-06-16 18:03:35 ERROR [http-nio-8080-exec-3] o.e.s.c.h.GlobalExceptionHandler - Validation Error : *friendlyMessage*: Not Valid Input
*statusCode*: 400
errorPath*: /api/auth/register
*developerMessage*: `{password=[Password must not be blank], email=[Email must not be blank]}`

2025-06-16 18:03:35 TRACE [http-nio-8080-exec-3] org.zalando.logbook.Logbook - {"origin":"local","type":"response","correlation":"814b8026b7f1d183","duration":111,"protocol":"HTTP/1.1","status":400,"headers":{"Cache-Control":["no-cache, no-store, max-age=0, must-revalidate"],"Connection":["close"],"Content-Type":["application/json"],"Date":["Mon, 16 Jun 2025 13:03:35 GMT"],"Expires":["0"],"Pragma":["no-cache"],"Transfer-Encoding":["chunked"],"Vary":["Origin","Access-Control-Request-Method","Access-Control-Request-Headers"],"X-Content-Type-Options":["nosniff"],"X-Frame-Options":["DENY"],"X-XSS-Protection":["0"]},"body":{"friendlyMessage":"Not Valid Input","developerMessage":{"password":["Password must not be blank"],"email":["Email must not be blank"]},"errorPath":"/api/auth/register","statusCode":400}}
2025-06-16 18:03:37 TRACE [http-nio-8080-exec-4] org.zalando.logbook.Logbook - {"origin":"remote","type":"request","correlation":"8cfb69ac610c4b0f","protocol":"HTTP/1.1","remote":"127.0.0.1","method":"POST","uri":"http://localhost:8080/api/auth/register","host":"localhost","path":"/api/auth/register","scheme":"http","port":"8080","headers":{"accept":["*/*"],"accept-encoding":["gzip, deflate, br, zstd"],"accept-language":["en-US,en;q=0.5"],"connection":["keep-alive"],"content-length":["26"],"content-type":["application/json"],"cookie":["Idea-43b05894=db9fa3c3-67b5-40eb-a684-f86c2464bc13"],"host":["localhost:8080"],"origin":["http://localhost:8080"],"priority":["u=0"],"referer":["http://localhost:8080/swagger-ui/index.html"],"sec-fetch-dest":["empty"],"sec-fetch-mode":["cors"],"sec-fetch-site":["same-origin"],"user-agent":["Mozilla/5.0 (Macintosh; Intel Mac OS X 10.15; rv:139.0) Gecko/20100101 Firefox/139.0"]},"body":{"username":"string"}}
2025-06-16 18:03:37 ERROR [http-nio-8080-exec-4] o.e.s.c.h.GlobalExceptionHandler - Validation Error : *friendlyMessage*: Not Valid Input
*statusCode*: 400
errorPath*: /api/auth/register
*developerMessage*: `{password=[Password must not be blank], email=[Email must not be blank]}`

2025-06-16 18:03:37 TRACE [http-nio-8080-exec-4] org.zalando.logbook.Logbook - {"origin":"local","type":"response","correlation":"8cfb69ac610c4b0f","duration":114,"protocol":"HTTP/1.1","status":400,"headers":{"Cache-Control":["no-cache, no-store, max-age=0, must-revalidate"],"Connection":["close"],"Content-Type":["application/json"],"Date":["Mon, 16 Jun 2025 13:03:37 GMT"],"Expires":["0"],"Pragma":["no-cache"],"Transfer-Encoding":["chunked"],"Vary":["Origin","Access-Control-Request-Method","Access-Control-Request-Headers"],"X-Content-Type-Options":["nosniff"],"X-Frame-Options":["DENY"],"X-XSS-Protection":["0"]},"body":{"friendlyMessage":"Not Valid Input","developerMessage":{"password":["Password must not be blank"],"email":["Email must not be blank"]},"errorPath":"/api/auth/register","statusCode":400}}
2025-06-16 18:03:42 INFO  [SpringApplicationShutdownHook] o.s.b.w.e.tomcat.GracefulShutdown - Commencing graceful shutdown. Waiting for active requests to complete
2025-06-16 18:03:42 INFO  [tomcat-shutdown] o.s.b.w.e.tomcat.GracefulShutdown - Graceful shutdown complete
2025-06-16 18:03:42 INFO  [SpringApplicationShutdownHook] o.s.o.j.LocalContainerEntityManagerFactoryBean - Closing JPA EntityManagerFactory for persistence unit 'default'
