2025-06-16 17:59:22 INFO  [SpringApplicationShutdownHook] o.s.b.w.e.tomcat.GracefulShutdown - Commencing graceful shutdown. Waiting for active requests to complete
2025-06-16 17:59:22 INFO  [tomcat-shutdown] o.s.b.w.e.tomcat.GracefulShutdown - Graceful shutdown complete
2025-06-16 17:59:22 INFO  [SpringApplicationShutdownHook] o.s.o.j.LocalContainerEntityManagerFactoryBean - Closing JPA EntityManagerFactory for persistence unit 'default'
2025-06-16 17:59:22 INFO  [SpringApplicationShutdownHook] com.zaxxer.hikari.HikariDataSource - HikariPool-1 - Shutdown initiated...
2025-06-16 17:59:22 INFO  [SpringApplicationShutdownHook] com.zaxxer.hikari.HikariDataSource - HikariPool-1 - Shutdown completed.
2025-06-16 17:59:24 INFO  [background-preinit] o.h.validator.internal.util.Version - HV000001: Hibernate Validator 8.0.2.Final
2025-06-16 17:59:24 INFO  [main] o.e.shorturl.ShortUrlApplication - Starting ShortUrlApplication using Java 23.0.1 with PID 70377 (/Users/macbookpro/IdeaProjects/shortURL/target/classes started by macbookpro in /Users/macbookpro/IdeaProjects/shortURL)
2025-06-16 17:59:24 INFO  [main] o.e.shorturl.ShortUrlApplication - The following 1 profile is active: "prod"
2025-06-16 17:59:25 INFO  [main] o.s.d.r.c.RepositoryConfigurationDelegate - Bootstrapping Spring Data JPA repositories in DEFAULT mode.
2025-06-16 17:59:25 INFO  [main] o.s.d.r.c.RepositoryConfigurationDelegate - Finished Spring Data repository scanning in 18 ms. Found 1 JPA repository interface.
2025-06-16 17:59:25 INFO  [main] o.s.b.w.e.tomcat.TomcatWebServer - Tomcat initialized with port 8080 (http)
2025-06-16 17:59:25 INFO  [main] o.a.coyote.http11.Http11NioProtocol - Initializing ProtocolHandler ["http-nio-8080"]
2025-06-16 17:59:25 INFO  [main] o.a.catalina.core.StandardService - Starting service [Tomcat]
2025-06-16 17:59:25 INFO  [main] o.a.catalina.core.StandardEngine - Starting Servlet engine: [Apache Tomcat/10.1.41]
2025-06-16 17:59:25 INFO  [main] o.a.c.c.C.[Tomcat].[localhost].[/] - Initializing Spring embedded WebApplicationContext
2025-06-16 17:59:25 INFO  [main] o.s.b.w.s.c.ServletWebServerApplicationContext - Root WebApplicationContext: initialization completed in 762 ms
2025-06-16 17:59:25 INFO  [main] o.h.jpa.internal.util.LogHelper - HHH000204: Processing PersistenceUnitInfo [name: default]
2025-06-16 17:59:25 INFO  [main] org.hibernate.Version - HHH000412: Hibernate ORM core version 6.6.15.Final
2025-06-16 17:59:25 INFO  [main] o.h.c.i.RegionFactoryInitiator - HHH000026: Second-level cache disabled
2025-06-16 17:59:26 INFO  [main] o.s.o.j.p.SpringPersistenceUnitInfo - No LoadTimeWeaver setup: ignoring JPA class transformer
2025-06-16 17:59:26 INFO  [main] com.zaxxer.hikari.HikariDataSource - HikariPool-1 - Starting...
2025-06-16 17:59:26 INFO  [main] com.zaxxer.hikari.pool.HikariPool - HikariPool-1 - Added connection org.postgresql.jdbc.PgConnection@14624acc
2025-06-16 17:59:26 INFO  [main] com.zaxxer.hikari.HikariDataSource - HikariPool-1 - Start completed.
2025-06-16 17:59:26 INFO  [main] o.hibernate.orm.connections.pooling - HHH10001005: Database info:
	Database JDBC URL [Connecting through datasource 'HikariDataSource (HikariPool-1)']
	Database driver: undefined/unknown
	Database version: 16.2
	Autocommit mode: undefined/unknown
	Isolation level: undefined/unknown
	Minimum pool size: undefined/unknown
	Maximum pool size: undefined/unknown
2025-06-16 17:59:26 INFO  [main] o.h.e.t.j.p.i.JtaPlatformInitiator - HHH000489: No JTA platform available (set 'hibernate.transaction.jta.platform' to enable JTA platform integration)
2025-06-16 17:59:26 INFO  [main] o.s.o.j.LocalContainerEntityManagerFactoryBean - Initialized JPA EntityManagerFactory for persistence unit 'default'
2025-06-16 17:59:26 INFO  [main] o.s.d.j.r.query.QueryEnhancerFactory - Hibernate is in classpath; If applicable, HQL parser will be used.
2025-06-16 17:59:27 WARN  [main] o.s.b.a.o.j.JpaBaseConfiguration$JpaWebConfiguration - spring.jpa.open-in-view is enabled by default. Therefore, database queries may be performed during view rendering. Explicitly configure spring.jpa.open-in-view to disable this warning
2025-06-16 17:59:27 INFO  [main] o.s.s.c.a.a.c.InitializeAuthenticationProviderBeanManagerConfigurer$InitializeAuthenticationProviderManagerConfigurer - Global AuthenticationManager configured with AuthenticationProvider bean with name authenticationProvider
2025-06-16 17:59:27 WARN  [main] o.s.s.c.a.a.c.InitializeUserDetailsBeanManagerConfigurer$InitializeUserDetailsManagerConfigurer - Global AuthenticationManager configured with an AuthenticationProvider bean. UserDetailsService beans will not be used by Spring Security for automatically configuring username/password login. Consider removing the AuthenticationProvider bean. Alternatively, consider using the UserDetailsService in a manually instantiated DaoAuthenticationProvider. If the current configuration is intentional, to turn off this warning, increase the logging level of 'org.springframework.security.config.annotation.authentication.configuration.InitializeUserDetailsBeanManagerConfigurer' to ERROR
2025-06-16 17:59:27 INFO  [main] o.a.coyote.http11.Http11NioProtocol - Starting ProtocolHandler ["http-nio-8080"]
2025-06-16 17:59:27 INFO  [main] o.s.b.w.e.tomcat.TomcatWebServer - Tomcat started on port 8080 (http) with context path '/'
2025-06-16 17:59:27 INFO  [main] o.e.shorturl.ShortUrlApplication - Started ShortUrlApplication in 3.267 seconds (process running for 3.532)
2025-06-16 17:59:31 INFO  [http-nio-8080-exec-1] o.a.c.c.C.[Tomcat].[localhost].[/] - Initializing Spring DispatcherServlet 'dispatcherServlet'
2025-06-16 17:59:31 INFO  [http-nio-8080-exec-1] o.s.web.servlet.DispatcherServlet - Initializing Servlet 'dispatcherServlet'
2025-06-16 17:59:31 INFO  [http-nio-8080-exec-1] o.s.web.servlet.DispatcherServlet - Completed initialization in 1 ms
2025-06-16 17:59:31 TRACE [http-nio-8080-exec-1] org.zalando.logbook.Logbook - {"origin":"remote","type":"request","correlation":"857d940243b62ac9","protocol":"HTTP/1.1","remote":"127.0.0.1","method":"POST","uri":"http://localhost:8080/api/auth/register","host":"localhost","path":"/api/auth/register","scheme":"http","port":"8080","headers":{"accept":["*/*"],"accept-encoding":["gzip, deflate, br, zstd"],"accept-language":["en-US,en;q=0.5"],"connection":["keep-alive"],"content-length":["26"],"content-type":["application/json"],"cookie":["Idea-43b05894=db9fa3c3-67b5-40eb-a684-f86c2464bc13"],"host":["localhost:8080"],"origin":["http://localhost:8080"],"priority":["u=0"],"referer":["http://localhost:8080/swagger-ui/index.html"],"sec-fetch-dest":["empty"],"sec-fetch-mode":["cors"],"sec-fetch-site":["same-origin"],"user-agent":["Mozilla/5.0 (Macintosh; Intel Mac OS X 10.15; rv:139.0) Gecko/20100101 Firefox/139.0"]},"body":{"username":"string"}}
2025-06-16 17:59:31 ERROR [http-nio-8080-exec-1] o.e.s.c.h.GlobalExceptionHandler - Validation Error : *friendlyMessage*: Not Valid Input
*statusCode*: 400
*errorPath*: /api/auth/register
*developerMessage*: `\{password\=\[Password must not be blank\], email\=\[Email must not be blank\]\}`

2025-06-16 17:59:37 TRACE [http-nio-8080-exec-1] org.zalando.logbook.Logbook - {"origin":"local","type":"response","correlation":"857d940243b62ac9","duration":5805,"protocol":"HTTP/1.1","status":400,"headers":{"Cache-Control":["no-cache, no-store, max-age=0, must-revalidate"],"Connection":["close"],"Content-Type":["application/json"],"Date":["Mon, 16 Jun 2025 12:59:37 GMT"],"Expires":["0"],"Pragma":["no-cache"],"Transfer-Encoding":["chunked"],"Vary":["Origin","Access-Control-Request-Method","Access-Control-Request-Headers"],"X-Content-Type-Options":["nosniff"],"X-Frame-Options":["DENY"],"X-XSS-Protection":["0"]},"body":{"friendlyMessage":"Not Valid Input","developerMessage":{"password":["Password must not be blank"],"email":["Email must not be blank"]},"errorPath":"/api/auth/register","statusCode":400}}
2025-06-16 17:59:41 TRACE [http-nio-8080-exec-2] org.zalando.logbook.Logbook - {"origin":"remote","type":"request","correlation":"ad75f25b3caeb38f","protocol":"HTTP/1.1","remote":"127.0.0.1","method":"POST","uri":"http://localhost:8080/api/auth/register","host":"localhost","path":"/api/auth/register","scheme":"http","port":"8080","headers":{"accept":["*/*"],"accept-encoding":["gzip, deflate, br, zstd"],"accept-language":["en-US,en;q=0.5"],"connection":["keep-alive"],"content-length":["26"],"content-type":["application/json"],"cookie":["Idea-43b05894=db9fa3c3-67b5-40eb-a684-f86c2464bc13"],"host":["localhost:8080"],"origin":["http://localhost:8080"],"priority":["u=0"],"referer":["http://localhost:8080/swagger-ui/index.html"],"sec-fetch-dest":["empty"],"sec-fetch-mode":["cors"],"sec-fetch-site":["same-origin"],"user-agent":["Mozilla/5.0 (Macintosh; Intel Mac OS X 10.15; rv:139.0) Gecko/20100101 Firefox/139.0"]},"body":{"username":"string"}}
2025-06-16 17:59:41 ERROR [http-nio-8080-exec-2] o.e.s.c.h.GlobalExceptionHandler - Validation Error : *friendlyMessage*: Not Valid Input
*statusCode*: 400
*errorPath*: /api/auth/register
*developerMessage*: `\{password\=\[Password must not be blank\], email\=\[Email must not be blank\]\}`

2025-06-16 17:59:41 TRACE [http-nio-8080-exec-2] org.zalando.logbook.Logbook - {"origin":"local","type":"response","correlation":"ad75f25b3caeb38f","duration":245,"protocol":"HTTP/1.1","status":400,"headers":{"Cache-Control":["no-cache, no-store, max-age=0, must-revalidate"],"Connection":["close"],"Content-Type":["application/json"],"Date":["Mon, 16 Jun 2025 12:59:41 GMT"],"Expires":["0"],"Pragma":["no-cache"],"Transfer-Encoding":["chunked"],"Vary":["Origin","Access-Control-Request-Method","Access-Control-Request-Headers"],"X-Content-Type-Options":["nosniff"],"X-Frame-Options":["DENY"],"X-XSS-Protection":["0"]},"body":{"friendlyMessage":"Not Valid Input","developerMessage":{"password":["Password must not be blank"],"email":["Email must not be blank"]},"errorPath":"/api/auth/register","statusCode":400}}
2025-06-16 17:59:43 TRACE [http-nio-8080-exec-3] org.zalando.logbook.Logbook - {"origin":"remote","type":"request","correlation":"eed2c1c914122287","protocol":"HTTP/1.1","remote":"127.0.0.1","method":"POST","uri":"http://localhost:8080/api/auth/register","host":"localhost","path":"/api/auth/register","scheme":"http","port":"8080","headers":{"accept":["*/*"],"accept-encoding":["gzip, deflate, br, zstd"],"accept-language":["en-US,en;q=0.5"],"connection":["keep-alive"],"content-length":["26"],"content-type":["application/json"],"cookie":["Idea-43b05894=db9fa3c3-67b5-40eb-a684-f86c2464bc13"],"host":["localhost:8080"],"origin":["http://localhost:8080"],"priority":["u=0"],"referer":["http://localhost:8080/swagger-ui/index.html"],"sec-fetch-dest":["empty"],"sec-fetch-mode":["cors"],"sec-fetch-site":["same-origin"],"user-agent":["Mozilla/5.0 (Macintosh; Intel Mac OS X 10.15; rv:139.0) Gecko/20100101 Firefox/139.0"]},"body":{"username":"string"}}
